Determining if the pthread_create exist failed with the following output:
Change Dir: /work/bc_install/bc/build/CMakeFiles/CMakeTmp

Run Build Command:"/opt/rh/devtoolset-7/root/usr/bin/gmake" "cmTC_81dab/fast"
/opt/rh/devtoolset-7/root/usr/bin/gmake -f CMakeFiles/cmTC_81dab.dir/build.make CMakeFiles/cmTC_81dab.dir/build
gmake[1]: Entering directory '/work/bc_install/bc/build/CMakeFiles/CMakeTmp'
Building C object CMakeFiles/cmTC_81dab.dir/CheckSymbolExists.c.o
/opt/rh/devtoolset-7/root/usr/bin/gcc    -o CMakeFiles/cmTC_81dab.dir/CheckSymbolExists.c.o   -c /work/bc_install/bc/build/CMakeFiles/CMakeTmp/CheckSymbolExists.c
Linking C executable cmTC_81dab
/root/opt/cmake-3.10.2/bin/cmake -E cmake_link_script CMakeFiles/cmTC_81dab.dir/link.txt --verbose=1
/opt/rh/devtoolset-7/root/usr/bin/gcc      -rdynamic CMakeFiles/cmTC_81dab.dir/CheckSymbolExists.c.o  -o cmTC_81dab 
CMakeFiles/cmTC_81dab.dir/CheckSymbolExists.c.o: In function `main':
CheckSymbolExists.c:(.text+0x16): undefined reference to `pthread_create'
collect2: error: ld returned 1 exit status
gmake[1]: *** [CMakeFiles/cmTC_81dab.dir/build.make:98: cmTC_81dab] Error 1
gmake[1]: Leaving directory '/work/bc_install/bc/build/CMakeFiles/CMakeTmp'
gmake: *** [Makefile:126: cmTC_81dab/fast] Error 2

File /work/bc_install/bc/build/CMakeFiles/CMakeTmp/CheckSymbolExists.c:
/* */
#include <pthread.h>

int main(int argc, char** argv)
{
  (void)argv;
#ifndef pthread_create
  return ((int*)(&pthread_create))[argc];
#else
  (void)argc;
  return 0;
#endif
}

