The system is: Linux - 3.10.0-957.el7.x86_64 - x86_64
Compiling the C compiler identification source file "CMakeCCompilerId.c" succeeded.
Compiler: /opt/rh/devtoolset-7/root/usr/bin/gcc 
Build flags: 
Id flags:  

The output was:
0


Compilation of the C compiler identification source "CMakeCCompilerId.c" produced "a.out"

The C compiler identification is GNU, found in "/work/bc_install/bc/build/CMakeFiles/3.10.2/CompilerIdC/a.out"

Compiling the CXX compiler identification source file "CMakeCXXCompilerId.cpp" succeeded.
Compiler: /opt/rh/devtoolset-7/root/usr/bin/g++ 
Build flags: 
Id flags:  

The output was:
0


Compilation of the CXX compiler identification source "CMakeCXXCompilerId.cpp" produced "a.out"

The CXX compiler identification is GNU, found in "/work/bc_install/bc/build/CMakeFiles/3.10.2/CompilerIdCXX/a.out"

Determining if the C compiler works passed with the following output:
Change Dir: /work/bc_install/bc/build/CMakeFiles/CMakeTmp

Run Build Command:"/opt/rh/devtoolset-7/root/usr/bin/gmake" "cmTC_48a06/fast"
/opt/rh/devtoolset-7/root/usr/bin/gmake -f CMakeFiles/cmTC_48a06.dir/build.make CMakeFiles/cmTC_48a06.dir/build
gmake[1]: Entering directory '/work/bc_install/bc/build/CMakeFiles/CMakeTmp'
Building C object CMakeFiles/cmTC_48a06.dir/testCCompiler.c.o
/opt/rh/devtoolset-7/root/usr/bin/gcc    -o CMakeFiles/cmTC_48a06.dir/testCCompiler.c.o   -c /work/bc_install/bc/build/CMakeFiles/CMakeTmp/testCCompiler.c
Linking C executable cmTC_48a06
/root/opt/cmake-3.10.2/bin/cmake -E cmake_link_script CMakeFiles/cmTC_48a06.dir/link.txt --verbose=1
/opt/rh/devtoolset-7/root/usr/bin/gcc      CMakeFiles/cmTC_48a06.dir/testCCompiler.c.o  -o cmTC_48a06 
gmake[1]: Leaving directory '/work/bc_install/bc/build/CMakeFiles/CMakeTmp'


Detecting C compiler ABI info compiled with the following output:
Change Dir: /work/bc_install/bc/build/CMakeFiles/CMakeTmp

Run Build Command:"/opt/rh/devtoolset-7/root/usr/bin/gmake" "cmTC_d6f07/fast"
/opt/rh/devtoolset-7/root/usr/bin/gmake -f CMakeFiles/cmTC_d6f07.dir/build.make CMakeFiles/cmTC_d6f07.dir/build
gmake[1]: Entering directory '/work/bc_install/bc/build/CMakeFiles/CMakeTmp'
Building C object CMakeFiles/cmTC_d6f07.dir/CMakeCCompilerABI.c.o
/opt/rh/devtoolset-7/root/usr/bin/gcc    -o CMakeFiles/cmTC_d6f07.dir/CMakeCCompilerABI.c.o   -c /root/opt/cmake/Modules/CMakeCCompilerABI.c
Linking C executable cmTC_d6f07
/root/opt/cmake-3.10.2/bin/cmake -E cmake_link_script CMakeFiles/cmTC_d6f07.dir/link.txt --verbose=1
/opt/rh/devtoolset-7/root/usr/bin/gcc     -v CMakeFiles/cmTC_d6f07.dir/CMakeCCompilerABI.c.o  -o cmTC_d6f07 
Using built-in specs.
COLLECT_GCC=/opt/rh/devtoolset-7/root/usr/bin/gcc
COLLECT_LTO_WRAPPER=/opt/rh/devtoolset-7/root/usr/libexec/gcc/x86_64-redhat-linux/7/lto-wrapper
Target: x86_64-redhat-linux
Configured with: ../configure --enable-bootstrap --enable-languages=c,c++,fortran,lto --prefix=/opt/rh/devtoolset-7/root/usr --mandir=/opt/rh/devtoolset-7/root/usr/share/man --infodir=/opt/rh/devtoolset-7/root/usr/share/info --with-bugurl=http://bugzilla.redhat.com/bugzilla --enable-shared --enable-threads=posix --enable-checking=release --enable-multilib --with-system-zlib --enable-__cxa_atexit --disable-libunwind-exceptions --enable-gnu-unique-object --enable-linker-build-id --with-gcc-major-version-only --enable-plugin --with-linker-hash-style=gnu --enable-initfini-array --with-default-libstdcxx-abi=gcc4-compatible --with-isl=/builddir/build/BUILD/gcc-7.3.1-20180303/obj-x86_64-redhat-linux/isl-install --enable-libmpx --enable-gnu-indirect-function --with-tune=generic --with-arch_32=i686 --build=x86_64-redhat-linux
Thread model: posix
gcc version 7.3.1 20180303 (Red Hat 7.3.1-5) (GCC) 
COMPILER_PATH=/opt/rh/devtoolset-7/root/usr/libexec/gcc/x86_64-redhat-linux/7/:/opt/rh/devtoolset-7/root/usr/libexec/gcc/x86_64-redhat-linux/7/:/opt/rh/devtoolset-7/root/usr/libexec/gcc/x86_64-redhat-linux/:/opt/rh/devtoolset-7/root/usr/lib/gcc/x86_64-redhat-linux/7/:/opt/rh/devtoolset-7/root/usr/lib/gcc/x86_64-redhat-linux/
LIBRARY_PATH=/opt/rh/devtoolset-7/root/usr/lib/gcc/x86_64-redhat-linux/7/:/opt/rh/devtoolset-7/root/usr/lib/gcc/x86_64-redhat-linux/7/../../../../lib64/:/lib/../lib64/:/usr/lib/../lib64/:/opt/rh/devtoolset-7/root/usr/lib/gcc/x86_64-redhat-linux/7/../../../:/lib/:/usr/lib/
COLLECT_GCC_OPTIONS='-v' '-o' 'cmTC_d6f07' '-mtune=generic' '-march=x86-64'
 /opt/rh/devtoolset-7/root/usr/libexec/gcc/x86_64-redhat-linux/7/collect2 -plugin /opt/rh/devtoolset-7/root/usr/libexec/gcc/x86_64-redhat-linux/7/liblto_plugin.so -plugin-opt=/opt/rh/devtoolset-7/root/usr/libexec/gcc/x86_64-redhat-linux/7/lto-wrapper -plugin-opt=-fresolution=/tmp/cc9VX3ez.res -plugin-opt=-pass-through=-lgcc -plugin-opt=-pass-through=-lgcc_s -plugin-opt=-pass-through=-lc -plugin-opt=-pass-through=-lgcc -plugin-opt=-pass-through=-lgcc_s --build-id --no-add-needed --eh-frame-hdr --hash-style=gnu -m elf_x86_64 -dynamic-linker /lib64/ld-linux-x86-64.so.2 -o cmTC_d6f07 /lib/../lib64/crt1.o /lib/../lib64/crti.o /opt/rh/devtoolset-7/root/usr/lib/gcc/x86_64-redhat-linux/7/crtbegin.o -L/opt/rh/devtoolset-7/root/usr/lib/gcc/x86_64-redhat-linux/7 -L/opt/rh/devtoolset-7/root/usr/lib/gcc/x86_64-redhat-linux/7/../../../../lib64 -L/lib/../lib64 -L/usr/lib/../lib64 -L/opt/rh/devtoolset-7/root/usr/lib/gcc/x86_64-redhat-linux/7/../../.. CMakeFiles/cmTC_d6f07.dir/CMakeCCompilerABI.c.o -lgcc --as-needed -lgcc_s --no-as-needed -lc -lgcc --as-needed -lgcc_s --no-as-needed /opt/rh/devtoolset-7/root/usr/lib/gcc/x86_64-redhat-linux/7/crtend.o /lib/../lib64/crtn.o
COLLECT_GCC_OPTIONS='-v' '-o' 'cmTC_d6f07' '-mtune=generic' '-march=x86-64'
gmake[1]: Leaving directory '/work/bc_install/bc/build/CMakeFiles/CMakeTmp'


Parsed C implicit link information from above output:
  link line regex: [^( *|.*[/\])(ld|CMAKE_LINK_STARTFILE-NOTFOUND|([^/\]+-)?ld|collect2)[^/\]*( |$)]
  ignore line: [Change Dir: /work/bc_install/bc/build/CMakeFiles/CMakeTmp]
  ignore line: []
  ignore line: [Run Build Command:"/opt/rh/devtoolset-7/root/usr/bin/gmake" "cmTC_d6f07/fast"]
  ignore line: [/opt/rh/devtoolset-7/root/usr/bin/gmake -f CMakeFiles/cmTC_d6f07.dir/build.make CMakeFiles/cmTC_d6f07.dir/build]
  ignore line: [gmake[1]: Entering directory '/work/bc_install/bc/build/CMakeFiles/CMakeTmp']
  ignore line: [Building C object CMakeFiles/cmTC_d6f07.dir/CMakeCCompilerABI.c.o]
  ignore line: [/opt/rh/devtoolset-7/root/usr/bin/gcc    -o CMakeFiles/cmTC_d6f07.dir/CMakeCCompilerABI.c.o   -c /root/opt/cmake/Modules/CMakeCCompilerABI.c]
  ignore line: [Linking C executable cmTC_d6f07]
  ignore line: [/root/opt/cmake-3.10.2/bin/cmake -E cmake_link_script CMakeFiles/cmTC_d6f07.dir/link.txt --verbose=1]
  ignore line: [/opt/rh/devtoolset-7/root/usr/bin/gcc     -v CMakeFiles/cmTC_d6f07.dir/CMakeCCompilerABI.c.o  -o cmTC_d6f07 ]
  ignore line: [Using built-in specs.]
  ignore line: [COLLECT_GCC=/opt/rh/devtoolset-7/root/usr/bin/gcc]
  ignore line: [COLLECT_LTO_WRAPPER=/opt/rh/devtoolset-7/root/usr/libexec/gcc/x86_64-redhat-linux/7/lto-wrapper]
  ignore line: [Target: x86_64-redhat-linux]
  ignore line: [Configured with: ../configure --enable-bootstrap --enable-languages=c,c++,fortran,lto --prefix=/opt/rh/devtoolset-7/root/usr --mandir=/opt/rh/devtoolset-7/root/usr/share/man --infodir=/opt/rh/devtoolset-7/root/usr/share/info --with-bugurl=http://bugzilla.redhat.com/bugzilla --enable-shared --enable-threads=posix --enable-checking=release --enable-multilib --with-system-zlib --enable-__cxa_atexit --disable-libunwind-exceptions --enable-gnu-unique-object --enable-linker-build-id --with-gcc-major-version-only --enable-plugin --with-linker-hash-style=gnu --enable-initfini-array --with-default-libstdcxx-abi=gcc4-compatible --with-isl=/builddir/build/BUILD/gcc-7.3.1-20180303/obj-x86_64-redhat-linux/isl-install --enable-libmpx --enable-gnu-indirect-function --with-tune=generic --with-arch_32=i686 --build=x86_64-redhat-linux]
  ignore line: [Thread model: posix]
  ignore line: [gcc version 7.3.1 20180303 (Red Hat 7.3.1-5) (GCC) ]
  ignore line: [COMPILER_PATH=/opt/rh/devtoolset-7/root/usr/libexec/gcc/x86_64-redhat-linux/7/:/opt/rh/devtoolset-7/root/usr/libexec/gcc/x86_64-redhat-linux/7/:/opt/rh/devtoolset-7/root/usr/libexec/gcc/x86_64-redhat-linux/:/opt/rh/devtoolset-7/root/usr/lib/gcc/x86_64-redhat-linux/7/:/opt/rh/devtoolset-7/root/usr/lib/gcc/x86_64-redhat-linux/]
  ignore line: [LIBRARY_PATH=/opt/rh/devtoolset-7/root/usr/lib/gcc/x86_64-redhat-linux/7/:/opt/rh/devtoolset-7/root/usr/lib/gcc/x86_64-redhat-linux/7/../../../../lib64/:/lib/../lib64/:/usr/lib/../lib64/:/opt/rh/devtoolset-7/root/usr/lib/gcc/x86_64-redhat-linux/7/../../../:/lib/:/usr/lib/]
  ignore line: [COLLECT_GCC_OPTIONS='-v' '-o' 'cmTC_d6f07' '-mtune=generic' '-march=x86-64']
  link line: [ /opt/rh/devtoolset-7/root/usr/libexec/gcc/x86_64-redhat-linux/7/collect2 -plugin /opt/rh/devtoolset-7/root/usr/libexec/gcc/x86_64-redhat-linux/7/liblto_plugin.so -plugin-opt=/opt/rh/devtoolset-7/root/usr/libexec/gcc/x86_64-redhat-linux/7/lto-wrapper -plugin-opt=-fresolution=/tmp/cc9VX3ez.res -plugin-opt=-pass-through=-lgcc -plugin-opt=-pass-through=-lgcc_s -plugin-opt=-pass-through=-lc -plugin-opt=-pass-through=-lgcc -plugin-opt=-pass-through=-lgcc_s --build-id --no-add-needed --eh-frame-hdr --hash-style=gnu -m elf_x86_64 -dynamic-linker /lib64/ld-linux-x86-64.so.2 -o cmTC_d6f07 /lib/../lib64/crt1.o /lib/../lib64/crti.o /opt/rh/devtoolset-7/root/usr/lib/gcc/x86_64-redhat-linux/7/crtbegin.o -L/opt/rh/devtoolset-7/root/usr/lib/gcc/x86_64-redhat-linux/7 -L/opt/rh/devtoolset-7/root/usr/lib/gcc/x86_64-redhat-linux/7/../../../../lib64 -L/lib/../lib64 -L/usr/lib/../lib64 -L/opt/rh/devtoolset-7/root/usr/lib/gcc/x86_64-redhat-linux/7/../../.. CMakeFiles/cmTC_d6f07.dir/CMakeCCompilerABI.c.o -lgcc --as-needed -lgcc_s --no-as-needed -lc -lgcc --as-needed -lgcc_s --no-as-needed /opt/rh/devtoolset-7/root/usr/lib/gcc/x86_64-redhat-linux/7/crtend.o /lib/../lib64/crtn.o]
    arg [/opt/rh/devtoolset-7/root/usr/libexec/gcc/x86_64-redhat-linux/7/collect2] ==> ignore
    arg [-plugin] ==> ignore
    arg [/opt/rh/devtoolset-7/root/usr/libexec/gcc/x86_64-redhat-linux/7/liblto_plugin.so] ==> ignore
    arg [-plugin-opt=/opt/rh/devtoolset-7/root/usr/libexec/gcc/x86_64-redhat-linux/7/lto-wrapper] ==> ignore
    arg [-plugin-opt=-fresolution=/tmp/cc9VX3ez.res] ==> ignore
    arg [-plugin-opt=-pass-through=-lgcc] ==> ignore
    arg [-plugin-opt=-pass-through=-lgcc_s] ==> ignore
    arg [-plugin-opt=-pass-through=-lc] ==> ignore
    arg [-plugin-opt=-pass-through=-lgcc] ==> ignore
    arg [-plugin-opt=-pass-through=-lgcc_s] ==> ignore
    arg [--build-id] ==> ignore
    arg [--no-add-needed] ==> ignore
    arg [--eh-frame-hdr] ==> ignore
    arg [--hash-style=gnu] ==> ignore
    arg [-m] ==> ignore
    arg [elf_x86_64] ==> ignore
    arg [-dynamic-linker] ==> ignore
    arg [/lib64/ld-linux-x86-64.so.2] ==> ignore
    arg [-o] ==> ignore
    arg [cmTC_d6f07] ==> ignore
    arg [/lib/../lib64/crt1.o] ==> ignore
    arg [/lib/../lib64/crti.o] ==> ignore
    arg [/opt/rh/devtoolset-7/root/usr/lib/gcc/x86_64-redhat-linux/7/crtbegin.o] ==> ignore
    arg [-L/opt/rh/devtoolset-7/root/usr/lib/gcc/x86_64-redhat-linux/7] ==> dir [/opt/rh/devtoolset-7/root/usr/lib/gcc/x86_64-redhat-linux/7]
    arg [-L/opt/rh/devtoolset-7/root/usr/lib/gcc/x86_64-redhat-linux/7/../../../../lib64] ==> dir [/opt/rh/devtoolset-7/root/usr/lib/gcc/x86_64-redhat-linux/7/../../../../lib64]
    arg [-L/lib/../lib64] ==> dir [/lib/../lib64]
    arg [-L/usr/lib/../lib64] ==> dir [/usr/lib/../lib64]
    arg [-L/opt/rh/devtoolset-7/root/usr/lib/gcc/x86_64-redhat-linux/7/../../..] ==> dir [/opt/rh/devtoolset-7/root/usr/lib/gcc/x86_64-redhat-linux/7/../../..]
    arg [CMakeFiles/cmTC_d6f07.dir/CMakeCCompilerABI.c.o] ==> ignore
    arg [-lgcc] ==> lib [gcc]
    arg [--as-needed] ==> ignore
    arg [-lgcc_s] ==> lib [gcc_s]
    arg [--no-as-needed] ==> ignore
    arg [-lc] ==> lib [c]
    arg [-lgcc] ==> lib [gcc]
    arg [--as-needed] ==> ignore
    arg [-lgcc_s] ==> lib [gcc_s]
    arg [--no-as-needed] ==> ignore
    arg [/opt/rh/devtoolset-7/root/usr/lib/gcc/x86_64-redhat-linux/7/crtend.o] ==> ignore
    arg [/lib/../lib64/crtn.o] ==> ignore
  collapse library dir [/opt/rh/devtoolset-7/root/usr/lib/gcc/x86_64-redhat-linux/7] ==> [/opt/rh/devtoolset-7/root/usr/lib/gcc/x86_64-redhat-linux/7]
  collapse library dir [/opt/rh/devtoolset-7/root/usr/lib/gcc/x86_64-redhat-linux/7/../../../../lib64] ==> [/opt/rh/devtoolset-7/root/usr/lib64]
  collapse library dir [/lib/../lib64] ==> [/lib64]
  collapse library dir [/usr/lib/../lib64] ==> [/usr/lib64]
  collapse library dir [/opt/rh/devtoolset-7/root/usr/lib/gcc/x86_64-redhat-linux/7/../../..] ==> [/opt/rh/devtoolset-7/root/usr/lib]
  implicit libs: [gcc;gcc_s;c;gcc;gcc_s]
  implicit dirs: [/opt/rh/devtoolset-7/root/usr/lib/gcc/x86_64-redhat-linux/7;/opt/rh/devtoolset-7/root/usr/lib64;/lib64;/usr/lib64;/opt/rh/devtoolset-7/root/usr/lib]
  implicit fwks: []




Detecting C [-std=c11] compiler features compiled with the following output:
Change Dir: /work/bc_install/bc/build/CMakeFiles/CMakeTmp

Run Build Command:"/opt/rh/devtoolset-7/root/usr/bin/gmake" "cmTC_6fcbc/fast"
/opt/rh/devtoolset-7/root/usr/bin/gmake -f CMakeFiles/cmTC_6fcbc.dir/build.make CMakeFiles/cmTC_6fcbc.dir/build
gmake[1]: Entering directory '/work/bc_install/bc/build/CMakeFiles/CMakeTmp'
Building C object CMakeFiles/cmTC_6fcbc.dir/feature_tests.c.o
/opt/rh/devtoolset-7/root/usr/bin/gcc   -std=c11 -o CMakeFiles/cmTC_6fcbc.dir/feature_tests.c.o   -c /work/bc_install/bc/build/CMakeFiles/feature_tests.c
Linking C executable cmTC_6fcbc
/root/opt/cmake-3.10.2/bin/cmake -E cmake_link_script CMakeFiles/cmTC_6fcbc.dir/link.txt --verbose=1
/opt/rh/devtoolset-7/root/usr/bin/gcc      CMakeFiles/cmTC_6fcbc.dir/feature_tests.c.o  -o cmTC_6fcbc 
gmake[1]: Leaving directory '/work/bc_install/bc/build/CMakeFiles/CMakeTmp'


    Feature record: C_FEATURE:1c_function_prototypes
    Feature record: C_FEATURE:1c_restrict
    Feature record: C_FEATURE:1c_static_assert
    Feature record: C_FEATURE:1c_variadic_macros


Detecting C [-std=c99] compiler features compiled with the following output:
Change Dir: /work/bc_install/bc/build/CMakeFiles/CMakeTmp

Run Build Command:"/opt/rh/devtoolset-7/root/usr/bin/gmake" "cmTC_3efc9/fast"
/opt/rh/devtoolset-7/root/usr/bin/gmake -f CMakeFiles/cmTC_3efc9.dir/build.make CMakeFiles/cmTC_3efc9.dir/build
gmake[1]: Entering directory '/work/bc_install/bc/build/CMakeFiles/CMakeTmp'
Building C object CMakeFiles/cmTC_3efc9.dir/feature_tests.c.o
/opt/rh/devtoolset-7/root/usr/bin/gcc   -std=c99 -o CMakeFiles/cmTC_3efc9.dir/feature_tests.c.o   -c /work/bc_install/bc/build/CMakeFiles/feature_tests.c
Linking C executable cmTC_3efc9
/root/opt/cmake-3.10.2/bin/cmake -E cmake_link_script CMakeFiles/cmTC_3efc9.dir/link.txt --verbose=1
/opt/rh/devtoolset-7/root/usr/bin/gcc      CMakeFiles/cmTC_3efc9.dir/feature_tests.c.o  -o cmTC_3efc9 
gmake[1]: Leaving directory '/work/bc_install/bc/build/CMakeFiles/CMakeTmp'


    Feature record: C_FEATURE:1c_function_prototypes
    Feature record: C_FEATURE:1c_restrict
    Feature record: C_FEATURE:0c_static_assert
    Feature record: C_FEATURE:1c_variadic_macros


Detecting C [-std=c90] compiler features compiled with the following output:
Change Dir: /work/bc_install/bc/build/CMakeFiles/CMakeTmp

Run Build Command:"/opt/rh/devtoolset-7/root/usr/bin/gmake" "cmTC_99671/fast"
/opt/rh/devtoolset-7/root/usr/bin/gmake -f CMakeFiles/cmTC_99671.dir/build.make CMakeFiles/cmTC_99671.dir/build
gmake[1]: Entering directory '/work/bc_install/bc/build/CMakeFiles/CMakeTmp'
Building C object CMakeFiles/cmTC_99671.dir/feature_tests.c.o
/opt/rh/devtoolset-7/root/usr/bin/gcc   -std=c90 -o CMakeFiles/cmTC_99671.dir/feature_tests.c.o   -c /work/bc_install/bc/build/CMakeFiles/feature_tests.c
Linking C executable cmTC_99671
/root/opt/cmake-3.10.2/bin/cmake -E cmake_link_script CMakeFiles/cmTC_99671.dir/link.txt --verbose=1
/opt/rh/devtoolset-7/root/usr/bin/gcc      CMakeFiles/cmTC_99671.dir/feature_tests.c.o  -o cmTC_99671 
gmake[1]: Leaving directory '/work/bc_install/bc/build/CMakeFiles/CMakeTmp'


    Feature record: C_FEATURE:1c_function_prototypes
    Feature record: C_FEATURE:0c_restrict
    Feature record: C_FEATURE:0c_static_assert
    Feature record: C_FEATURE:0c_variadic_macros
Determining if the CXX compiler works passed with the following output:
Change Dir: /work/bc_install/bc/build/CMakeFiles/CMakeTmp

Run Build Command:"/opt/rh/devtoolset-7/root/usr/bin/gmake" "cmTC_4bdc1/fast"
/opt/rh/devtoolset-7/root/usr/bin/gmake -f CMakeFiles/cmTC_4bdc1.dir/build.make CMakeFiles/cmTC_4bdc1.dir/build
gmake[1]: Entering directory '/work/bc_install/bc/build/CMakeFiles/CMakeTmp'
Building CXX object CMakeFiles/cmTC_4bdc1.dir/testCXXCompiler.cxx.o
/opt/rh/devtoolset-7/root/usr/bin/g++     -o CMakeFiles/cmTC_4bdc1.dir/testCXXCompiler.cxx.o -c /work/bc_install/bc/build/CMakeFiles/CMakeTmp/testCXXCompiler.cxx
Linking CXX executable cmTC_4bdc1
/root/opt/cmake-3.10.2/bin/cmake -E cmake_link_script CMakeFiles/cmTC_4bdc1.dir/link.txt --verbose=1
/opt/rh/devtoolset-7/root/usr/bin/g++       CMakeFiles/cmTC_4bdc1.dir/testCXXCompiler.cxx.o  -o cmTC_4bdc1 
gmake[1]: Leaving directory '/work/bc_install/bc/build/CMakeFiles/CMakeTmp'


Detecting CXX compiler ABI info compiled with the following output:
Change Dir: /work/bc_install/bc/build/CMakeFiles/CMakeTmp

Run Build Command:"/opt/rh/devtoolset-7/root/usr/bin/gmake" "cmTC_e8a42/fast"
/opt/rh/devtoolset-7/root/usr/bin/gmake -f CMakeFiles/cmTC_e8a42.dir/build.make CMakeFiles/cmTC_e8a42.dir/build
gmake[1]: Entering directory '/work/bc_install/bc/build/CMakeFiles/CMakeTmp'
Building CXX object CMakeFiles/cmTC_e8a42.dir/CMakeCXXCompilerABI.cpp.o
/opt/rh/devtoolset-7/root/usr/bin/g++     -o CMakeFiles/cmTC_e8a42.dir/CMakeCXXCompilerABI.cpp.o -c /root/opt/cmake/Modules/CMakeCXXCompilerABI.cpp
Linking CXX executable cmTC_e8a42
/root/opt/cmake-3.10.2/bin/cmake -E cmake_link_script CMakeFiles/cmTC_e8a42.dir/link.txt --verbose=1
/opt/rh/devtoolset-7/root/usr/bin/g++      -v CMakeFiles/cmTC_e8a42.dir/CMakeCXXCompilerABI.cpp.o  -o cmTC_e8a42 
Using built-in specs.
COLLECT_GCC=/opt/rh/devtoolset-7/root/usr/bin/g++
COLLECT_LTO_WRAPPER=/opt/rh/devtoolset-7/root/usr/libexec/gcc/x86_64-redhat-linux/7/lto-wrapper
Target: x86_64-redhat-linux
Configured with: ../configure --enable-bootstrap --enable-languages=c,c++,fortran,lto --prefix=/opt/rh/devtoolset-7/root/usr --mandir=/opt/rh/devtoolset-7/root/usr/share/man --infodir=/opt/rh/devtoolset-7/root/usr/share/info --with-bugurl=http://bugzilla.redhat.com/bugzilla --enable-shared --enable-threads=posix --enable-checking=release --enable-multilib --with-system-zlib --enable-__cxa_atexit --disable-libunwind-exceptions --enable-gnu-unique-object --enable-linker-build-id --with-gcc-major-version-only --enable-plugin --with-linker-hash-style=gnu --enable-initfini-array --with-default-libstdcxx-abi=gcc4-compatible --with-isl=/builddir/build/BUILD/gcc-7.3.1-20180303/obj-x86_64-redhat-linux/isl-install --enable-libmpx --enable-gnu-indirect-function --with-tune=generic --with-arch_32=i686 --build=x86_64-redhat-linux
Thread model: posix
gcc version 7.3.1 20180303 (Red Hat 7.3.1-5) (GCC) 
COMPILER_PATH=/opt/rh/devtoolset-7/root/usr/libexec/gcc/x86_64-redhat-linux/7/:/opt/rh/devtoolset-7/root/usr/libexec/gcc/x86_64-redhat-linux/7/:/opt/rh/devtoolset-7/root/usr/libexec/gcc/x86_64-redhat-linux/:/opt/rh/devtoolset-7/root/usr/lib/gcc/x86_64-redhat-linux/7/:/opt/rh/devtoolset-7/root/usr/lib/gcc/x86_64-redhat-linux/
LIBRARY_PATH=/opt/rh/devtoolset-7/root/usr/lib/gcc/x86_64-redhat-linux/7/:/opt/rh/devtoolset-7/root/usr/lib/gcc/x86_64-redhat-linux/7/../../../../lib64/:/lib/../lib64/:/usr/lib/../lib64/:/opt/rh/devtoolset-7/root/usr/lib/gcc/x86_64-redhat-linux/7/../../../:/lib/:/usr/lib/
COLLECT_GCC_OPTIONS='-v' '-o' 'cmTC_e8a42' '-shared-libgcc' '-mtune=generic' '-march=x86-64'
 /opt/rh/devtoolset-7/root/usr/libexec/gcc/x86_64-redhat-linux/7/collect2 -plugin /opt/rh/devtoolset-7/root/usr/libexec/gcc/x86_64-redhat-linux/7/liblto_plugin.so -plugin-opt=/opt/rh/devtoolset-7/root/usr/libexec/gcc/x86_64-redhat-linux/7/lto-wrapper -plugin-opt=-fresolution=/tmp/ccsNalo9.res -plugin-opt=-pass-through=-lgcc_s -plugin-opt=-pass-through=-lgcc -plugin-opt=-pass-through=-lc -plugin-opt=-pass-through=-lgcc_s -plugin-opt=-pass-through=-lgcc --build-id --no-add-needed --eh-frame-hdr --hash-style=gnu -m elf_x86_64 -dynamic-linker /lib64/ld-linux-x86-64.so.2 -o cmTC_e8a42 /lib/../lib64/crt1.o /lib/../lib64/crti.o /opt/rh/devtoolset-7/root/usr/lib/gcc/x86_64-redhat-linux/7/crtbegin.o -L/opt/rh/devtoolset-7/root/usr/lib/gcc/x86_64-redhat-linux/7 -L/opt/rh/devtoolset-7/root/usr/lib/gcc/x86_64-redhat-linux/7/../../../../lib64 -L/lib/../lib64 -L/usr/lib/../lib64 -L/opt/rh/devtoolset-7/root/usr/lib/gcc/x86_64-redhat-linux/7/../../.. CMakeFiles/cmTC_e8a42.dir/CMakeCXXCompilerABI.cpp.o -lstdc++ -lm -lgcc_s -lgcc -lc -lgcc_s -lgcc /opt/rh/devtoolset-7/root/usr/lib/gcc/x86_64-redhat-linux/7/crtend.o /lib/../lib64/crtn.o
COLLECT_GCC_OPTIONS='-v' '-o' 'cmTC_e8a42' '-shared-libgcc' '-mtune=generic' '-march=x86-64'
gmake[1]: Leaving directory '/work/bc_install/bc/build/CMakeFiles/CMakeTmp'


Parsed CXX implicit link information from above output:
  link line regex: [^( *|.*[/\])(ld|CMAKE_LINK_STARTFILE-NOTFOUND|([^/\]+-)?ld|collect2)[^/\]*( |$)]
  ignore line: [Change Dir: /work/bc_install/bc/build/CMakeFiles/CMakeTmp]
  ignore line: []
  ignore line: [Run Build Command:"/opt/rh/devtoolset-7/root/usr/bin/gmake" "cmTC_e8a42/fast"]
  ignore line: [/opt/rh/devtoolset-7/root/usr/bin/gmake -f CMakeFiles/cmTC_e8a42.dir/build.make CMakeFiles/cmTC_e8a42.dir/build]
  ignore line: [gmake[1]: Entering directory '/work/bc_install/bc/build/CMakeFiles/CMakeTmp']
  ignore line: [Building CXX object CMakeFiles/cmTC_e8a42.dir/CMakeCXXCompilerABI.cpp.o]
  ignore line: [/opt/rh/devtoolset-7/root/usr/bin/g++     -o CMakeFiles/cmTC_e8a42.dir/CMakeCXXCompilerABI.cpp.o -c /root/opt/cmake/Modules/CMakeCXXCompilerABI.cpp]
  ignore line: [Linking CXX executable cmTC_e8a42]
  ignore line: [/root/opt/cmake-3.10.2/bin/cmake -E cmake_link_script CMakeFiles/cmTC_e8a42.dir/link.txt --verbose=1]
  ignore line: [/opt/rh/devtoolset-7/root/usr/bin/g++      -v CMakeFiles/cmTC_e8a42.dir/CMakeCXXCompilerABI.cpp.o  -o cmTC_e8a42 ]
  ignore line: [Using built-in specs.]
  ignore line: [COLLECT_GCC=/opt/rh/devtoolset-7/root/usr/bin/g++]
  ignore line: [COLLECT_LTO_WRAPPER=/opt/rh/devtoolset-7/root/usr/libexec/gcc/x86_64-redhat-linux/7/lto-wrapper]
  ignore line: [Target: x86_64-redhat-linux]
  ignore line: [Configured with: ../configure --enable-bootstrap --enable-languages=c,c++,fortran,lto --prefix=/opt/rh/devtoolset-7/root/usr --mandir=/opt/rh/devtoolset-7/root/usr/share/man --infodir=/opt/rh/devtoolset-7/root/usr/share/info --with-bugurl=http://bugzilla.redhat.com/bugzilla --enable-shared --enable-threads=posix --enable-checking=release --enable-multilib --with-system-zlib --enable-__cxa_atexit --disable-libunwind-exceptions --enable-gnu-unique-object --enable-linker-build-id --with-gcc-major-version-only --enable-plugin --with-linker-hash-style=gnu --enable-initfini-array --with-default-libstdcxx-abi=gcc4-compatible --with-isl=/builddir/build/BUILD/gcc-7.3.1-20180303/obj-x86_64-redhat-linux/isl-install --enable-libmpx --enable-gnu-indirect-function --with-tune=generic --with-arch_32=i686 --build=x86_64-redhat-linux]
  ignore line: [Thread model: posix]
  ignore line: [gcc version 7.3.1 20180303 (Red Hat 7.3.1-5) (GCC) ]
  ignore line: [COMPILER_PATH=/opt/rh/devtoolset-7/root/usr/libexec/gcc/x86_64-redhat-linux/7/:/opt/rh/devtoolset-7/root/usr/libexec/gcc/x86_64-redhat-linux/7/:/opt/rh/devtoolset-7/root/usr/libexec/gcc/x86_64-redhat-linux/:/opt/rh/devtoolset-7/root/usr/lib/gcc/x86_64-redhat-linux/7/:/opt/rh/devtoolset-7/root/usr/lib/gcc/x86_64-redhat-linux/]
  ignore line: [LIBRARY_PATH=/opt/rh/devtoolset-7/root/usr/lib/gcc/x86_64-redhat-linux/7/:/opt/rh/devtoolset-7/root/usr/lib/gcc/x86_64-redhat-linux/7/../../../../lib64/:/lib/../lib64/:/usr/lib/../lib64/:/opt/rh/devtoolset-7/root/usr/lib/gcc/x86_64-redhat-linux/7/../../../:/lib/:/usr/lib/]
  ignore line: [COLLECT_GCC_OPTIONS='-v' '-o' 'cmTC_e8a42' '-shared-libgcc' '-mtune=generic' '-march=x86-64']
  link line: [ /opt/rh/devtoolset-7/root/usr/libexec/gcc/x86_64-redhat-linux/7/collect2 -plugin /opt/rh/devtoolset-7/root/usr/libexec/gcc/x86_64-redhat-linux/7/liblto_plugin.so -plugin-opt=/opt/rh/devtoolset-7/root/usr/libexec/gcc/x86_64-redhat-linux/7/lto-wrapper -plugin-opt=-fresolution=/tmp/ccsNalo9.res -plugin-opt=-pass-through=-lgcc_s -plugin-opt=-pass-through=-lgcc -plugin-opt=-pass-through=-lc -plugin-opt=-pass-through=-lgcc_s -plugin-opt=-pass-through=-lgcc --build-id --no-add-needed --eh-frame-hdr --hash-style=gnu -m elf_x86_64 -dynamic-linker /lib64/ld-linux-x86-64.so.2 -o cmTC_e8a42 /lib/../lib64/crt1.o /lib/../lib64/crti.o /opt/rh/devtoolset-7/root/usr/lib/gcc/x86_64-redhat-linux/7/crtbegin.o -L/opt/rh/devtoolset-7/root/usr/lib/gcc/x86_64-redhat-linux/7 -L/opt/rh/devtoolset-7/root/usr/lib/gcc/x86_64-redhat-linux/7/../../../../lib64 -L/lib/../lib64 -L/usr/lib/../lib64 -L/opt/rh/devtoolset-7/root/usr/lib/gcc/x86_64-redhat-linux/7/../../.. CMakeFiles/cmTC_e8a42.dir/CMakeCXXCompilerABI.cpp.o -lstdc++ -lm -lgcc_s -lgcc -lc -lgcc_s -lgcc /opt/rh/devtoolset-7/root/usr/lib/gcc/x86_64-redhat-linux/7/crtend.o /lib/../lib64/crtn.o]
    arg [/opt/rh/devtoolset-7/root/usr/libexec/gcc/x86_64-redhat-linux/7/collect2] ==> ignore
    arg [-plugin] ==> ignore
    arg [/opt/rh/devtoolset-7/root/usr/libexec/gcc/x86_64-redhat-linux/7/liblto_plugin.so] ==> ignore
    arg [-plugin-opt=/opt/rh/devtoolset-7/root/usr/libexec/gcc/x86_64-redhat-linux/7/lto-wrapper] ==> ignore
    arg [-plugin-opt=-fresolution=/tmp/ccsNalo9.res] ==> ignore
    arg [-plugin-opt=-pass-through=-lgcc_s] ==> ignore
    arg [-plugin-opt=-pass-through=-lgcc] ==> ignore
    arg [-plugin-opt=-pass-through=-lc] ==> ignore
    arg [-plugin-opt=-pass-through=-lgcc_s] ==> ignore
    arg [-plugin-opt=-pass-through=-lgcc] ==> ignore
    arg [--build-id] ==> ignore
    arg [--no-add-needed] ==> ignore
    arg [--eh-frame-hdr] ==> ignore
    arg [--hash-style=gnu] ==> ignore
    arg [-m] ==> ignore
    arg [elf_x86_64] ==> ignore
    arg [-dynamic-linker] ==> ignore
    arg [/lib64/ld-linux-x86-64.so.2] ==> ignore
    arg [-o] ==> ignore
    arg [cmTC_e8a42] ==> ignore
    arg [/lib/../lib64/crt1.o] ==> ignore
    arg [/lib/../lib64/crti.o] ==> ignore
    arg [/opt/rh/devtoolset-7/root/usr/lib/gcc/x86_64-redhat-linux/7/crtbegin.o] ==> ignore
    arg [-L/opt/rh/devtoolset-7/root/usr/lib/gcc/x86_64-redhat-linux/7] ==> dir [/opt/rh/devtoolset-7/root/usr/lib/gcc/x86_64-redhat-linux/7]
    arg [-L/opt/rh/devtoolset-7/root/usr/lib/gcc/x86_64-redhat-linux/7/../../../../lib64] ==> dir [/opt/rh/devtoolset-7/root/usr/lib/gcc/x86_64-redhat-linux/7/../../../../lib64]
    arg [-L/lib/../lib64] ==> dir [/lib/../lib64]
    arg [-L/usr/lib/../lib64] ==> dir [/usr/lib/../lib64]
    arg [-L/opt/rh/devtoolset-7/root/usr/lib/gcc/x86_64-redhat-linux/7/../../..] ==> dir [/opt/rh/devtoolset-7/root/usr/lib/gcc/x86_64-redhat-linux/7/../../..]
    arg [CMakeFiles/cmTC_e8a42.dir/CMakeCXXCompilerABI.cpp.o] ==> ignore
    arg [-lstdc++] ==> lib [stdc++]
    arg [-lm] ==> lib [m]
    arg [-lgcc_s] ==> lib [gcc_s]
    arg [-lgcc] ==> lib [gcc]
    arg [-lc] ==> lib [c]
    arg [-lgcc_s] ==> lib [gcc_s]
    arg [-lgcc] ==> lib [gcc]
    arg [/opt/rh/devtoolset-7/root/usr/lib/gcc/x86_64-redhat-linux/7/crtend.o] ==> ignore
    arg [/lib/../lib64/crtn.o] ==> ignore
  collapse library dir [/opt/rh/devtoolset-7/root/usr/lib/gcc/x86_64-redhat-linux/7] ==> [/opt/rh/devtoolset-7/root/usr/lib/gcc/x86_64-redhat-linux/7]
  collapse library dir [/opt/rh/devtoolset-7/root/usr/lib/gcc/x86_64-redhat-linux/7/../../../../lib64] ==> [/opt/rh/devtoolset-7/root/usr/lib64]
  collapse library dir [/lib/../lib64] ==> [/lib64]
  collapse library dir [/usr/lib/../lib64] ==> [/usr/lib64]
  collapse library dir [/opt/rh/devtoolset-7/root/usr/lib/gcc/x86_64-redhat-linux/7/../../..] ==> [/opt/rh/devtoolset-7/root/usr/lib]
  implicit libs: [stdc++;m;gcc_s;gcc;c;gcc_s;gcc]
  implicit dirs: [/opt/rh/devtoolset-7/root/usr/lib/gcc/x86_64-redhat-linux/7;/opt/rh/devtoolset-7/root/usr/lib64;/lib64;/usr/lib64;/opt/rh/devtoolset-7/root/usr/lib]
  implicit fwks: []




Detecting CXX [-std=c++1z] compiler features compiled with the following output:
Change Dir: /work/bc_install/bc/build/CMakeFiles/CMakeTmp

Run Build Command:"/opt/rh/devtoolset-7/root/usr/bin/gmake" "cmTC_a7f27/fast"
/opt/rh/devtoolset-7/root/usr/bin/gmake -f CMakeFiles/cmTC_a7f27.dir/build.make CMakeFiles/cmTC_a7f27.dir/build
gmake[1]: Entering directory '/work/bc_install/bc/build/CMakeFiles/CMakeTmp'
Building CXX object CMakeFiles/cmTC_a7f27.dir/feature_tests.cxx.o
/opt/rh/devtoolset-7/root/usr/bin/g++    -std=c++1z -o CMakeFiles/cmTC_a7f27.dir/feature_tests.cxx.o -c /work/bc_install/bc/build/CMakeFiles/feature_tests.cxx
Linking CXX executable cmTC_a7f27
/root/opt/cmake-3.10.2/bin/cmake -E cmake_link_script CMakeFiles/cmTC_a7f27.dir/link.txt --verbose=1
/opt/rh/devtoolset-7/root/usr/bin/g++       CMakeFiles/cmTC_a7f27.dir/feature_tests.cxx.o  -o cmTC_a7f27 
gmake[1]: Leaving directory '/work/bc_install/bc/build/CMakeFiles/CMakeTmp'


    Feature record: CXX_FEATURE:1cxx_aggregate_default_initializers
    Feature record: CXX_FEATURE:1cxx_alias_templates
    Feature record: CXX_FEATURE:1cxx_alignas
    Feature record: CXX_FEATURE:1cxx_alignof
    Feature record: CXX_FEATURE:1cxx_attributes
    Feature record: CXX_FEATURE:1cxx_attribute_deprecated
    Feature record: CXX_FEATURE:1cxx_auto_type
    Feature record: CXX_FEATURE:1cxx_binary_literals
    Feature record: CXX_FEATURE:1cxx_constexpr
    Feature record: CXX_FEATURE:1cxx_contextual_conversions
    Feature record: CXX_FEATURE:1cxx_decltype
    Feature record: CXX_FEATURE:1cxx_decltype_auto
    Feature record: CXX_FEATURE:1cxx_decltype_incomplete_return_types
    Feature record: CXX_FEATURE:1cxx_default_function_template_args
    Feature record: CXX_FEATURE:1cxx_defaulted_functions
    Feature record: CXX_FEATURE:1cxx_defaulted_move_initializers
    Feature record: CXX_FEATURE:1cxx_delegating_constructors
    Feature record: CXX_FEATURE:1cxx_deleted_functions
    Feature record: CXX_FEATURE:1cxx_digit_separators
    Feature record: CXX_FEATURE:1cxx_enum_forward_declarations
    Feature record: CXX_FEATURE:1cxx_explicit_conversions
    Feature record: CXX_FEATURE:1cxx_extended_friend_declarations
    Feature record: CXX_FEATURE:1cxx_extern_templates
    Feature record: CXX_FEATURE:1cxx_final
    Feature record: CXX_FEATURE:1cxx_func_identifier
    Feature record: CXX_FEATURE:1cxx_generalized_initializers
    Feature record: CXX_FEATURE:1cxx_generic_lambdas
    Feature record: CXX_FEATURE:1cxx_inheriting_constructors
    Feature record: CXX_FEATURE:1cxx_inline_namespaces
    Feature record: CXX_FEATURE:1cxx_lambdas
    Feature record: CXX_FEATURE:1cxx_lambda_init_captures
    Feature record: CXX_FEATURE:1cxx_local_type_template_args
    Feature record: CXX_FEATURE:1cxx_long_long_type
    Feature record: CXX_FEATURE:1cxx_noexcept
    Feature record: CXX_FEATURE:1cxx_nonstatic_member_init
    Feature record: CXX_FEATURE:1cxx_nullptr
    Feature record: CXX_FEATURE:1cxx_override
    Feature record: CXX_FEATURE:1cxx_range_for
    Feature record: CXX_FEATURE:1cxx_raw_string_literals
    Feature record: CXX_FEATURE:1cxx_reference_qualified_functions
    Feature record: CXX_FEATURE:1cxx_relaxed_constexpr
    Feature record: CXX_FEATURE:1cxx_return_type_deduction
    Feature record: CXX_FEATURE:1cxx_right_angle_brackets
    Feature record: CXX_FEATURE:1cxx_rvalue_references
    Feature record: CXX_FEATURE:1cxx_sizeof_member
    Feature record: CXX_FEATURE:1cxx_static_assert
    Feature record: CXX_FEATURE:1cxx_strong_enums
    Feature record: CXX_FEATURE:1cxx_template_template_parameters
    Feature record: CXX_FEATURE:1cxx_thread_local
    Feature record: CXX_FEATURE:1cxx_trailing_return_types
    Feature record: CXX_FEATURE:1cxx_unicode_literals
    Feature record: CXX_FEATURE:1cxx_uniform_initialization
    Feature record: CXX_FEATURE:1cxx_unrestricted_unions
    Feature record: CXX_FEATURE:1cxx_user_literals
    Feature record: CXX_FEATURE:1cxx_variable_templates
    Feature record: CXX_FEATURE:1cxx_variadic_macros
    Feature record: CXX_FEATURE:1cxx_variadic_templates


Detecting CXX [-std=c++14] compiler features compiled with the following output:
Change Dir: /work/bc_install/bc/build/CMakeFiles/CMakeTmp

Run Build Command:"/opt/rh/devtoolset-7/root/usr/bin/gmake" "cmTC_9801a/fast"
/opt/rh/devtoolset-7/root/usr/bin/gmake -f CMakeFiles/cmTC_9801a.dir/build.make CMakeFiles/cmTC_9801a.dir/build
gmake[1]: Entering directory '/work/bc_install/bc/build/CMakeFiles/CMakeTmp'
Building CXX object CMakeFiles/cmTC_9801a.dir/feature_tests.cxx.o
/opt/rh/devtoolset-7/root/usr/bin/g++    -std=c++14 -o CMakeFiles/cmTC_9801a.dir/feature_tests.cxx.o -c /work/bc_install/bc/build/CMakeFiles/feature_tests.cxx
Linking CXX executable cmTC_9801a
/root/opt/cmake-3.10.2/bin/cmake -E cmake_link_script CMakeFiles/cmTC_9801a.dir/link.txt --verbose=1
/opt/rh/devtoolset-7/root/usr/bin/g++       CMakeFiles/cmTC_9801a.dir/feature_tests.cxx.o  -o cmTC_9801a 
gmake[1]: Leaving directory '/work/bc_install/bc/build/CMakeFiles/CMakeTmp'


    Feature record: CXX_FEATURE:1cxx_aggregate_default_initializers
    Feature record: CXX_FEATURE:1cxx_alias_templates
    Feature record: CXX_FEATURE:1cxx_alignas
    Feature record: CXX_FEATURE:1cxx_alignof
    Feature record: CXX_FEATURE:1cxx_attributes
    Feature record: CXX_FEATURE:1cxx_attribute_deprecated
    Feature record: CXX_FEATURE:1cxx_auto_type
    Feature record: CXX_FEATURE:1cxx_binary_literals
    Feature record: CXX_FEATURE:1cxx_constexpr
    Feature record: CXX_FEATURE:1cxx_contextual_conversions
    Feature record: CXX_FEATURE:1cxx_decltype
    Feature record: CXX_FEATURE:1cxx_decltype_auto
    Feature record: CXX_FEATURE:1cxx_decltype_incomplete_return_types
    Feature record: CXX_FEATURE:1cxx_default_function_template_args
    Feature record: CXX_FEATURE:1cxx_defaulted_functions
    Feature record: CXX_FEATURE:1cxx_defaulted_move_initializers
    Feature record: CXX_FEATURE:1cxx_delegating_constructors
    Feature record: CXX_FEATURE:1cxx_deleted_functions
    Feature record: CXX_FEATURE:1cxx_digit_separators
    Feature record: CXX_FEATURE:1cxx_enum_forward_declarations
    Feature record: CXX_FEATURE:1cxx_explicit_conversions
    Feature record: CXX_FEATURE:1cxx_extended_friend_declarations
    Feature record: CXX_FEATURE:1cxx_extern_templates
    Feature record: CXX_FEATURE:1cxx_final
    Feature record: CXX_FEATURE:1cxx_func_identifier
    Feature record: CXX_FEATURE:1cxx_generalized_initializers
    Feature record: CXX_FEATURE:1cxx_generic_lambdas
    Feature record: CXX_FEATURE:1cxx_inheriting_constructors
    Feature record: CXX_FEATURE:1cxx_inline_namespaces
    Feature record: CXX_FEATURE:1cxx_lambdas
    Feature record: CXX_FEATURE:1cxx_lambda_init_captures
    Feature record: CXX_FEATURE:1cxx_local_type_template_args
    Feature record: CXX_FEATURE:1cxx_long_long_type
    Feature record: CXX_FEATURE:1cxx_noexcept
    Feature record: CXX_FEATURE:1cxx_nonstatic_member_init
    Feature record: CXX_FEATURE:1cxx_nullptr
    Feature record: CXX_FEATURE:1cxx_override
    Feature record: CXX_FEATURE:1cxx_range_for
    Feature record: CXX_FEATURE:1cxx_raw_string_literals
    Feature record: CXX_FEATURE:1cxx_reference_qualified_functions
    Feature record: CXX_FEATURE:1cxx_relaxed_constexpr
    Feature record: CXX_FEATURE:1cxx_return_type_deduction
    Feature record: CXX_FEATURE:1cxx_right_angle_brackets
    Feature record: CXX_FEATURE:1cxx_rvalue_references
    Feature record: CXX_FEATURE:1cxx_sizeof_member
    Feature record: CXX_FEATURE:1cxx_static_assert
    Feature record: CXX_FEATURE:1cxx_strong_enums
    Feature record: CXX_FEATURE:1cxx_template_template_parameters
    Feature record: CXX_FEATURE:1cxx_thread_local
    Feature record: CXX_FEATURE:1cxx_trailing_return_types
    Feature record: CXX_FEATURE:1cxx_unicode_literals
    Feature record: CXX_FEATURE:1cxx_uniform_initialization
    Feature record: CXX_FEATURE:1cxx_unrestricted_unions
    Feature record: CXX_FEATURE:1cxx_user_literals
    Feature record: CXX_FEATURE:1cxx_variable_templates
    Feature record: CXX_FEATURE:1cxx_variadic_macros
    Feature record: CXX_FEATURE:1cxx_variadic_templates


Detecting CXX [-std=c++11] compiler features compiled with the following output:
Change Dir: /work/bc_install/bc/build/CMakeFiles/CMakeTmp

Run Build Command:"/opt/rh/devtoolset-7/root/usr/bin/gmake" "cmTC_a9bd2/fast"
/opt/rh/devtoolset-7/root/usr/bin/gmake -f CMakeFiles/cmTC_a9bd2.dir/build.make CMakeFiles/cmTC_a9bd2.dir/build
gmake[1]: Entering directory '/work/bc_install/bc/build/CMakeFiles/CMakeTmp'
Building CXX object CMakeFiles/cmTC_a9bd2.dir/feature_tests.cxx.o
/opt/rh/devtoolset-7/root/usr/bin/g++    -std=c++11 -o CMakeFiles/cmTC_a9bd2.dir/feature_tests.cxx.o -c /work/bc_install/bc/build/CMakeFiles/feature_tests.cxx
Linking CXX executable cmTC_a9bd2
/root/opt/cmake-3.10.2/bin/cmake -E cmake_link_script CMakeFiles/cmTC_a9bd2.dir/link.txt --verbose=1
/opt/rh/devtoolset-7/root/usr/bin/g++       CMakeFiles/cmTC_a9bd2.dir/feature_tests.cxx.o  -o cmTC_a9bd2 
gmake[1]: Leaving directory '/work/bc_install/bc/build/CMakeFiles/CMakeTmp'


    Feature record: CXX_FEATURE:0cxx_aggregate_default_initializers
    Feature record: CXX_FEATURE:1cxx_alias_templates
    Feature record: CXX_FEATURE:1cxx_alignas
    Feature record: CXX_FEATURE:1cxx_alignof
    Feature record: CXX_FEATURE:1cxx_attributes
    Feature record: CXX_FEATURE:0cxx_attribute_deprecated
    Feature record: CXX_FEATURE:1cxx_auto_type
    Feature record: CXX_FEATURE:0cxx_binary_literals
    Feature record: CXX_FEATURE:1cxx_constexpr
    Feature record: CXX_FEATURE:0cxx_contextual_conversions
    Feature record: CXX_FEATURE:1cxx_decltype
    Feature record: CXX_FEATURE:0cxx_decltype_auto
    Feature record: CXX_FEATURE:1cxx_decltype_incomplete_return_types
    Feature record: CXX_FEATURE:1cxx_default_function_template_args
    Feature record: CXX_FEATURE:1cxx_defaulted_functions
    Feature record: CXX_FEATURE:1cxx_defaulted_move_initializers
    Feature record: CXX_FEATURE:1cxx_delegating_constructors
    Feature record: CXX_FEATURE:1cxx_deleted_functions
    Feature record: CXX_FEATURE:0cxx_digit_separators
    Feature record: CXX_FEATURE:1cxx_enum_forward_declarations
    Feature record: CXX_FEATURE:1cxx_explicit_conversions
    Feature record: CXX_FEATURE:1cxx_extended_friend_declarations
    Feature record: CXX_FEATURE:1cxx_extern_templates
    Feature record: CXX_FEATURE:1cxx_final
    Feature record: CXX_FEATURE:1cxx_func_identifier
    Feature record: CXX_FEATURE:1cxx_generalized_initializers
    Feature record: CXX_FEATURE:0cxx_generic_lambdas
    Feature record: CXX_FEATURE:1cxx_inheriting_constructors
    Feature record: CXX_FEATURE:1cxx_inline_namespaces
    Feature record: CXX_FEATURE:1cxx_lambdas
    Feature record: CXX_FEATURE:0cxx_lambda_init_captures
    Feature record: CXX_FEATURE:1cxx_local_type_template_args
    Feature record: CXX_FEATURE:1cxx_long_long_type
    Feature record: CXX_FEATURE:1cxx_noexcept
    Feature record: CXX_FEATURE:1cxx_nonstatic_member_init
    Feature record: CXX_FEATURE:1cxx_nullptr
    Feature record: CXX_FEATURE:1cxx_override
    Feature record: CXX_FEATURE:1cxx_range_for
    Feature record: CXX_FEATURE:1cxx_raw_string_literals
    Feature record: CXX_FEATURE:1cxx_reference_qualified_functions
    Feature record: CXX_FEATURE:0cxx_relaxed_constexpr
    Feature record: CXX_FEATURE:0cxx_return_type_deduction
    Feature record: CXX_FEATURE:1cxx_right_angle_brackets
    Feature record: CXX_FEATURE:1cxx_rvalue_references
    Feature record: CXX_FEATURE:1cxx_sizeof_member
    Feature record: CXX_FEATURE:1cxx_static_assert
    Feature record: CXX_FEATURE:1cxx_strong_enums
    Feature record: CXX_FEATURE:1cxx_template_template_parameters
    Feature record: CXX_FEATURE:1cxx_thread_local
    Feature record: CXX_FEATURE:1cxx_trailing_return_types
    Feature record: CXX_FEATURE:1cxx_unicode_literals
    Feature record: CXX_FEATURE:1cxx_uniform_initialization
    Feature record: CXX_FEATURE:1cxx_unrestricted_unions
    Feature record: CXX_FEATURE:1cxx_user_literals
    Feature record: CXX_FEATURE:0cxx_variable_templates
    Feature record: CXX_FEATURE:1cxx_variadic_macros
    Feature record: CXX_FEATURE:1cxx_variadic_templates


Detecting CXX [-std=c++98] compiler features compiled with the following output:
Change Dir: /work/bc_install/bc/build/CMakeFiles/CMakeTmp

Run Build Command:"/opt/rh/devtoolset-7/root/usr/bin/gmake" "cmTC_7fc82/fast"
/opt/rh/devtoolset-7/root/usr/bin/gmake -f CMakeFiles/cmTC_7fc82.dir/build.make CMakeFiles/cmTC_7fc82.dir/build
gmake[1]: Entering directory '/work/bc_install/bc/build/CMakeFiles/CMakeTmp'
Building CXX object CMakeFiles/cmTC_7fc82.dir/feature_tests.cxx.o
/opt/rh/devtoolset-7/root/usr/bin/g++    -std=c++98 -o CMakeFiles/cmTC_7fc82.dir/feature_tests.cxx.o -c /work/bc_install/bc/build/CMakeFiles/feature_tests.cxx
Linking CXX executable cmTC_7fc82
/root/opt/cmake-3.10.2/bin/cmake -E cmake_link_script CMakeFiles/cmTC_7fc82.dir/link.txt --verbose=1
/opt/rh/devtoolset-7/root/usr/bin/g++       CMakeFiles/cmTC_7fc82.dir/feature_tests.cxx.o  -o cmTC_7fc82 
gmake[1]: Leaving directory '/work/bc_install/bc/build/CMakeFiles/CMakeTmp'


    Feature record: CXX_FEATURE:0cxx_aggregate_default_initializers
    Feature record: CXX_FEATURE:0cxx_alias_templates
    Feature record: CXX_FEATURE:0cxx_alignas
    Feature record: CXX_FEATURE:0cxx_alignof
    Feature record: CXX_FEATURE:0cxx_attributes
    Feature record: CXX_FEATURE:0cxx_attribute_deprecated
    Feature record: CXX_FEATURE:0cxx_auto_type
    Feature record: CXX_FEATURE:0cxx_binary_literals
    Feature record: CXX_FEATURE:0cxx_constexpr
    Feature record: CXX_FEATURE:0cxx_contextual_conversions
    Feature record: CXX_FEATURE:0cxx_decltype
    Feature record: CXX_FEATURE:0cxx_decltype_auto
    Feature record: CXX_FEATURE:0cxx_decltype_incomplete_return_types
    Feature record: CXX_FEATURE:0cxx_default_function_template_args
    Feature record: CXX_FEATURE:0cxx_defaulted_functions
    Feature record: CXX_FEATURE:0cxx_defaulted_move_initializers
    Feature record: CXX_FEATURE:0cxx_delegating_constructors
    Feature record: CXX_FEATURE:0cxx_deleted_functions
    Feature record: CXX_FEATURE:0cxx_digit_separators
    Feature record: CXX_FEATURE:0cxx_enum_forward_declarations
    Feature record: CXX_FEATURE:0cxx_explicit_conversions
    Feature record: CXX_FEATURE:0cxx_extended_friend_declarations
    Feature record: CXX_FEATURE:0cxx_extern_templates
    Feature record: CXX_FEATURE:0cxx_final
    Feature record: CXX_FEATURE:0cxx_func_identifier
    Feature record: CXX_FEATURE:0cxx_generalized_initializers
    Feature record: CXX_FEATURE:0cxx_generic_lambdas
    Feature record: CXX_FEATURE:0cxx_inheriting_constructors
    Feature record: CXX_FEATURE:0cxx_inline_namespaces
    Feature record: CXX_FEATURE:0cxx_lambdas
    Feature record: CXX_FEATURE:0cxx_lambda_init_captures
    Feature record: CXX_FEATURE:0cxx_local_type_template_args
    Feature record: CXX_FEATURE:0cxx_long_long_type
    Feature record: CXX_FEATURE:0cxx_noexcept
    Feature record: CXX_FEATURE:0cxx_nonstatic_member_init
    Feature record: CXX_FEATURE:0cxx_nullptr
    Feature record: CXX_FEATURE:0cxx_override
    Feature record: CXX_FEATURE:0cxx_range_for
    Feature record: CXX_FEATURE:0cxx_raw_string_literals
    Feature record: CXX_FEATURE:0cxx_reference_qualified_functions
    Feature record: CXX_FEATURE:0cxx_relaxed_constexpr
    Feature record: CXX_FEATURE:0cxx_return_type_deduction
    Feature record: CXX_FEATURE:0cxx_right_angle_brackets
    Feature record: CXX_FEATURE:0cxx_rvalue_references
    Feature record: CXX_FEATURE:0cxx_sizeof_member
    Feature record: CXX_FEATURE:0cxx_static_assert
    Feature record: CXX_FEATURE:0cxx_strong_enums
    Feature record: CXX_FEATURE:1cxx_template_template_parameters
    Feature record: CXX_FEATURE:0cxx_thread_local
    Feature record: CXX_FEATURE:0cxx_trailing_return_types
    Feature record: CXX_FEATURE:0cxx_unicode_literals
    Feature record: CXX_FEATURE:0cxx_uniform_initialization
    Feature record: CXX_FEATURE:0cxx_unrestricted_unions
    Feature record: CXX_FEATURE:0cxx_user_literals
    Feature record: CXX_FEATURE:0cxx_variable_templates
    Feature record: CXX_FEATURE:0cxx_variadic_macros
    Feature record: CXX_FEATURE:0cxx_variadic_templates
Determining if the include file pthread.h exists passed with the following output:
Change Dir: /work/bc_install/bc/build/CMakeFiles/CMakeTmp

Run Build Command:"/opt/rh/devtoolset-7/root/usr/bin/gmake" "cmTC_4fb89/fast"
/opt/rh/devtoolset-7/root/usr/bin/gmake -f CMakeFiles/cmTC_4fb89.dir/build.make CMakeFiles/cmTC_4fb89.dir/build
gmake[1]: Entering directory '/work/bc_install/bc/build/CMakeFiles/CMakeTmp'
Building C object CMakeFiles/cmTC_4fb89.dir/CheckIncludeFile.c.o
/opt/rh/devtoolset-7/root/usr/bin/gcc    -o CMakeFiles/cmTC_4fb89.dir/CheckIncludeFile.c.o   -c /work/bc_install/bc/build/CMakeFiles/CMakeTmp/CheckIncludeFile.c
Linking C executable cmTC_4fb89
/root/opt/cmake-3.10.2/bin/cmake -E cmake_link_script CMakeFiles/cmTC_4fb89.dir/link.txt --verbose=1
/opt/rh/devtoolset-7/root/usr/bin/gcc      -rdynamic CMakeFiles/cmTC_4fb89.dir/CheckIncludeFile.c.o  -o cmTC_4fb89 
gmake[1]: Leaving directory '/work/bc_install/bc/build/CMakeFiles/CMakeTmp'


Determining if the include file alloca.h exists passed with the following output:
Change Dir: /work/bc_install/bc/build/CMakeFiles/CMakeTmp

Run Build Command:"/opt/rh/devtoolset-7/root/usr/bin/gmake" "cmTC_50eca/fast"
/opt/rh/devtoolset-7/root/usr/bin/gmake -f CMakeFiles/cmTC_50eca.dir/build.make CMakeFiles/cmTC_50eca.dir/build
gmake[1]: Entering directory '/work/bc_install/bc/build/CMakeFiles/CMakeTmp'
Building C object CMakeFiles/cmTC_50eca.dir/CheckIncludeFile.c.o
/opt/rh/devtoolset-7/root/usr/bin/gcc    -o CMakeFiles/cmTC_50eca.dir/CheckIncludeFile.c.o   -c /work/bc_install/bc/build/CMakeFiles/CMakeTmp/CheckIncludeFile.c
Linking C executable cmTC_50eca
/root/opt/cmake-3.10.2/bin/cmake -E cmake_link_script CMakeFiles/cmTC_50eca.dir/link.txt --verbose=1
/opt/rh/devtoolset-7/root/usr/bin/gcc      -rdynamic CMakeFiles/cmTC_50eca.dir/CheckIncludeFile.c.o  -o cmTC_50eca 
gmake[1]: Leaving directory '/work/bc_install/bc/build/CMakeFiles/CMakeTmp'


Determining if the include file unistd.h exists passed with the following output:
Change Dir: /work/bc_install/bc/build/CMakeFiles/CMakeTmp

Run Build Command:"/opt/rh/devtoolset-7/root/usr/bin/gmake" "cmTC_8e05d/fast"
/opt/rh/devtoolset-7/root/usr/bin/gmake -f CMakeFiles/cmTC_8e05d.dir/build.make CMakeFiles/cmTC_8e05d.dir/build
gmake[1]: Entering directory '/work/bc_install/bc/build/CMakeFiles/CMakeTmp'
Building C object CMakeFiles/cmTC_8e05d.dir/CheckIncludeFile.c.o
/opt/rh/devtoolset-7/root/usr/bin/gcc    -o CMakeFiles/cmTC_8e05d.dir/CheckIncludeFile.c.o   -c /work/bc_install/bc/build/CMakeFiles/CMakeTmp/CheckIncludeFile.c
Linking C executable cmTC_8e05d
/root/opt/cmake-3.10.2/bin/cmake -E cmake_link_script CMakeFiles/cmTC_8e05d.dir/link.txt --verbose=1
/opt/rh/devtoolset-7/root/usr/bin/gcc      -rdynamic CMakeFiles/cmTC_8e05d.dir/CheckIncludeFile.c.o  -o cmTC_8e05d 
gmake[1]: Leaving directory '/work/bc_install/bc/build/CMakeFiles/CMakeTmp'


Determining if the snprintf exist passed with the following output:
Change Dir: /work/bc_install/bc/build/CMakeFiles/CMakeTmp

Run Build Command:"/opt/rh/devtoolset-7/root/usr/bin/gmake" "cmTC_a7fe6/fast"
/opt/rh/devtoolset-7/root/usr/bin/gmake -f CMakeFiles/cmTC_a7fe6.dir/build.make CMakeFiles/cmTC_a7fe6.dir/build
gmake[1]: Entering directory '/work/bc_install/bc/build/CMakeFiles/CMakeTmp'
Building C object CMakeFiles/cmTC_a7fe6.dir/CheckSymbolExists.c.o
/opt/rh/devtoolset-7/root/usr/bin/gcc    -o CMakeFiles/cmTC_a7fe6.dir/CheckSymbolExists.c.o   -c /work/bc_install/bc/build/CMakeFiles/CMakeTmp/CheckSymbolExists.c
Linking C executable cmTC_a7fe6
/root/opt/cmake-3.10.2/bin/cmake -E cmake_link_script CMakeFiles/cmTC_a7fe6.dir/link.txt --verbose=1
/opt/rh/devtoolset-7/root/usr/bin/gcc      -rdynamic CMakeFiles/cmTC_a7fe6.dir/CheckSymbolExists.c.o  -o cmTC_a7fe6 
gmake[1]: Leaving directory '/work/bc_install/bc/build/CMakeFiles/CMakeTmp'

File /work/bc_install/bc/build/CMakeFiles/CMakeTmp/CheckSymbolExists.c:
/* */
#include <stdio.h>

int main(int argc, char** argv)
{
  (void)argv;
#ifndef snprintf
  return ((int*)(&snprintf))[argc];
#else
  (void)argc;
  return 0;
#endif
}

Determining if the sysconf exist passed with the following output:
Change Dir: /work/bc_install/bc/build/CMakeFiles/CMakeTmp

Run Build Command:"/opt/rh/devtoolset-7/root/usr/bin/gmake" "cmTC_81199/fast"
/opt/rh/devtoolset-7/root/usr/bin/gmake -f CMakeFiles/cmTC_81199.dir/build.make CMakeFiles/cmTC_81199.dir/build
gmake[1]: Entering directory '/work/bc_install/bc/build/CMakeFiles/CMakeTmp'
Building C object CMakeFiles/cmTC_81199.dir/CheckSymbolExists.c.o
/opt/rh/devtoolset-7/root/usr/bin/gcc    -o CMakeFiles/cmTC_81199.dir/CheckSymbolExists.c.o   -c /work/bc_install/bc/build/CMakeFiles/CMakeTmp/CheckSymbolExists.c
Linking C executable cmTC_81199
/root/opt/cmake-3.10.2/bin/cmake -E cmake_link_script CMakeFiles/cmTC_81199.dir/link.txt --verbose=1
/opt/rh/devtoolset-7/root/usr/bin/gcc      -rdynamic CMakeFiles/cmTC_81199.dir/CheckSymbolExists.c.o  -o cmTC_81199 
gmake[1]: Leaving directory '/work/bc_install/bc/build/CMakeFiles/CMakeTmp'

File /work/bc_install/bc/build/CMakeFiles/CMakeTmp/CheckSymbolExists.c:
/* */
#include <unistd.h>

int main(int argc, char** argv)
{
  (void)argv;
#ifndef sysconf
  return ((int*)(&sysconf))[argc];
#else
  (void)argc;
  return 0;
#endif
}

Determining if the strcasecmp exist passed with the following output:
Change Dir: /work/bc_install/bc/build/CMakeFiles/CMakeTmp

Run Build Command:"/opt/rh/devtoolset-7/root/usr/bin/gmake" "cmTC_5747c/fast"
/opt/rh/devtoolset-7/root/usr/bin/gmake -f CMakeFiles/cmTC_5747c.dir/build.make CMakeFiles/cmTC_5747c.dir/build
gmake[1]: Entering directory '/work/bc_install/bc/build/CMakeFiles/CMakeTmp'
Building C object CMakeFiles/cmTC_5747c.dir/CheckSymbolExists.c.o
/opt/rh/devtoolset-7/root/usr/bin/gcc    -o CMakeFiles/cmTC_5747c.dir/CheckSymbolExists.c.o   -c /work/bc_install/bc/build/CMakeFiles/CMakeTmp/CheckSymbolExists.c
Linking C executable cmTC_5747c
/root/opt/cmake-3.10.2/bin/cmake -E cmake_link_script CMakeFiles/cmTC_5747c.dir/link.txt --verbose=1
/opt/rh/devtoolset-7/root/usr/bin/gcc      -rdynamic CMakeFiles/cmTC_5747c.dir/CheckSymbolExists.c.o  -o cmTC_5747c 
gmake[1]: Leaving directory '/work/bc_install/bc/build/CMakeFiles/CMakeTmp'

File /work/bc_install/bc/build/CMakeFiles/CMakeTmp/CheckSymbolExists.c:
/* */
#include <strings.h>

int main(int argc, char** argv)
{
  (void)argv;
#ifndef strcasecmp
  return ((int*)(&strcasecmp))[argc];
#else
  (void)argc;
  return 0;
#endif
}

Determining if the include file sys/types.h exists passed with the following output:
Change Dir: /work/bc_install/bc/build/CMakeFiles/CMakeTmp

Run Build Command:"/opt/rh/devtoolset-7/root/usr/bin/gmake" "cmTC_62dd8/fast"
/opt/rh/devtoolset-7/root/usr/bin/gmake -f CMakeFiles/cmTC_62dd8.dir/build.make CMakeFiles/cmTC_62dd8.dir/build
gmake[1]: Entering directory '/work/bc_install/bc/build/CMakeFiles/CMakeTmp'
Building C object CMakeFiles/cmTC_62dd8.dir/CheckIncludeFile.c.o
/opt/rh/devtoolset-7/root/usr/bin/gcc    -o CMakeFiles/cmTC_62dd8.dir/CheckIncludeFile.c.o   -c /work/bc_install/bc/build/CMakeFiles/CMakeTmp/CheckIncludeFile.c
Linking C executable cmTC_62dd8
/root/opt/cmake-3.10.2/bin/cmake -E cmake_link_script CMakeFiles/cmTC_62dd8.dir/link.txt --verbose=1
/opt/rh/devtoolset-7/root/usr/bin/gcc      -rdynamic CMakeFiles/cmTC_62dd8.dir/CheckIncludeFile.c.o  -o cmTC_62dd8 
gmake[1]: Leaving directory '/work/bc_install/bc/build/CMakeFiles/CMakeTmp'


Determining if the include file stdint.h exists passed with the following output:
Change Dir: /work/bc_install/bc/build/CMakeFiles/CMakeTmp

Run Build Command:"/opt/rh/devtoolset-7/root/usr/bin/gmake" "cmTC_34656/fast"
/opt/rh/devtoolset-7/root/usr/bin/gmake -f CMakeFiles/cmTC_34656.dir/build.make CMakeFiles/cmTC_34656.dir/build
gmake[1]: Entering directory '/work/bc_install/bc/build/CMakeFiles/CMakeTmp'
Building C object CMakeFiles/cmTC_34656.dir/CheckIncludeFile.c.o
/opt/rh/devtoolset-7/root/usr/bin/gcc    -o CMakeFiles/cmTC_34656.dir/CheckIncludeFile.c.o   -c /work/bc_install/bc/build/CMakeFiles/CMakeTmp/CheckIncludeFile.c
Linking C executable cmTC_34656
/root/opt/cmake-3.10.2/bin/cmake -E cmake_link_script CMakeFiles/cmTC_34656.dir/link.txt --verbose=1
/opt/rh/devtoolset-7/root/usr/bin/gcc      -rdynamic CMakeFiles/cmTC_34656.dir/CheckIncludeFile.c.o  -o cmTC_34656 
gmake[1]: Leaving directory '/work/bc_install/bc/build/CMakeFiles/CMakeTmp'


Determining if the include file stddef.h exists passed with the following output:
Change Dir: /work/bc_install/bc/build/CMakeFiles/CMakeTmp

Run Build Command:"/opt/rh/devtoolset-7/root/usr/bin/gmake" "cmTC_711c8/fast"
/opt/rh/devtoolset-7/root/usr/bin/gmake -f CMakeFiles/cmTC_711c8.dir/build.make CMakeFiles/cmTC_711c8.dir/build
gmake[1]: Entering directory '/work/bc_install/bc/build/CMakeFiles/CMakeTmp'
Building C object CMakeFiles/cmTC_711c8.dir/CheckIncludeFile.c.o
/opt/rh/devtoolset-7/root/usr/bin/gcc    -o CMakeFiles/cmTC_711c8.dir/CheckIncludeFile.c.o   -c /work/bc_install/bc/build/CMakeFiles/CMakeTmp/CheckIncludeFile.c
Linking C executable cmTC_711c8
/root/opt/cmake-3.10.2/bin/cmake -E cmake_link_script CMakeFiles/cmTC_711c8.dir/link.txt --verbose=1
/opt/rh/devtoolset-7/root/usr/bin/gcc      -rdynamic CMakeFiles/cmTC_711c8.dir/CheckIncludeFile.c.o  -o cmTC_711c8 
gmake[1]: Leaving directory '/work/bc_install/bc/build/CMakeFiles/CMakeTmp'


Determining size of ssize_t passed with the following output:
Change Dir: /work/bc_install/bc/build/CMakeFiles/CMakeTmp

Run Build Command:"/opt/rh/devtoolset-7/root/usr/bin/gmake" "cmTC_f683e/fast"
/opt/rh/devtoolset-7/root/usr/bin/gmake -f CMakeFiles/cmTC_f683e.dir/build.make CMakeFiles/cmTC_f683e.dir/build
gmake[1]: Entering directory '/work/bc_install/bc/build/CMakeFiles/CMakeTmp'
Building C object CMakeFiles/cmTC_f683e.dir/SSIZE_T.c.o
/opt/rh/devtoolset-7/root/usr/bin/gcc    -o CMakeFiles/cmTC_f683e.dir/SSIZE_T.c.o   -c /work/bc_install/bc/build/CMakeFiles/CheckTypeSize/SSIZE_T.c
Linking C executable cmTC_f683e
/root/opt/cmake-3.10.2/bin/cmake -E cmake_link_script CMakeFiles/cmTC_f683e.dir/link.txt --verbose=1
/opt/rh/devtoolset-7/root/usr/bin/gcc      -rdynamic CMakeFiles/cmTC_f683e.dir/SSIZE_T.c.o  -o cmTC_f683e 
gmake[1]: Leaving directory '/work/bc_install/bc/build/CMakeFiles/CMakeTmp'


Determining size of size_t passed with the following output:
Change Dir: /work/bc_install/bc/build/CMakeFiles/CMakeTmp

Run Build Command:"/opt/rh/devtoolset-7/root/usr/bin/gmake" "cmTC_e5aab/fast"
/opt/rh/devtoolset-7/root/usr/bin/gmake -f CMakeFiles/cmTC_e5aab.dir/build.make CMakeFiles/cmTC_e5aab.dir/build
gmake[1]: Entering directory '/work/bc_install/bc/build/CMakeFiles/CMakeTmp'
Building C object CMakeFiles/cmTC_e5aab.dir/SIZEOF_SIZE_T.c.o
/opt/rh/devtoolset-7/root/usr/bin/gcc    -o CMakeFiles/cmTC_e5aab.dir/SIZEOF_SIZE_T.c.o   -c /work/bc_install/bc/build/CMakeFiles/CheckTypeSize/SIZEOF_SIZE_T.c
Linking C executable cmTC_e5aab
/root/opt/cmake-3.10.2/bin/cmake -E cmake_link_script CMakeFiles/cmTC_e5aab.dir/link.txt --verbose=1
/opt/rh/devtoolset-7/root/usr/bin/gcc      -rdynamic CMakeFiles/cmTC_e5aab.dir/SIZEOF_SIZE_T.c.o  -o cmTC_e5aab 
gmake[1]: Leaving directory '/work/bc_install/bc/build/CMakeFiles/CMakeTmp'


